<?xml version="1.0" encoding="UTF-8"?>
<testng-results skipped="0" failed="0" ignored="0" total="1" passed="1">
  <reporter-output>
  </reporter-output>
  <suite name="Default suite" duration-ms="16911" started-at="2017-05-20T04:23:08Z" finished-at="2017-05-20T04:23:25Z">
    <groups>
    </groups>
    <test name="Default test" duration-ms="16911" started-at="2017-05-20T04:23:08Z" finished-at="2017-05-20T04:23:25Z">
      <class name="com.example.tests.WebTableExample">
        <test-method status="PASS" signature="setUp()[pri:0, instance:com.example.tests.WebTableExample@66a3ffec]" name="setUp" is-config="true" duration-ms="5298" started-at="2017-05-20T09:53:08Z" finished-at="2017-05-20T09:53:13Z">
          <reporter-output>
          </reporter-output>
        </test-method> <!-- setUp -->
        <test-method status="PASS" signature="testWebTables()[pri:0, instance:com.example.tests.WebTableExample@66a3ffec]" name="testWebTables" duration-ms="10446" started-at="2017-05-20T09:53:13Z" finished-at="2017-05-20T09:53:24Z">
          <reporter-output>
          </reporter-output>
        </test-method> <!-- testWebTables -->
        <test-method status="PASS" signature="tearDown()[pri:0, instance:com.example.tests.WebTableExample@66a3ffec]" name="tearDown" is-config="true" duration-ms="1141" started-at="2017-05-20T09:53:24Z" finished-at="2017-05-20T09:53:25Z">
          <reporter-output>
          </reporter-output>
        </test-method> <!-- tearDown -->
      </class> <!-- com.example.tests.WebTableExample -->
    </test> <!-- Default test -->
  </suite> <!-- Default suite -->
</testng-results>
